C:\Users\aidan_1k98io6\OneDrive\Documents\Assignment\Software Engineering\hotel_project2\hotel_project\hotel_app\filters.py:29: SyntaxWarning: invalid escape sequence '\-'
  'pattern': '^[A-Za-z\-\' ]+$',
C:\Users\aidan_1k98io6\OneDrive\Documents\Assignment\Software Engineering\hotel_project2\hotel_project\hotel_app\filters.py:38: SyntaxWarning: invalid escape sequence '\d'
  'pattern': '^[A-Za-z][A-Ha-hJ-Yj-y]?\d[A-Za-z\d]? ?\d[A-Za-z]{2}$',
System check identified no issues (0 silenced).
February 22, 2025 - 19:07:37
Django version 5.1.6, using settings 'hotel_project.settings'
Starting development server at http://127.0.0.1:8007/
Quit the server with CTRL-BREAK.

[22/Feb/2025 19:08:03] "GET / HTTP/1.1" 200 3454
[22/Feb/2025 19:08:07] "GET /guest/ HTTP/1.1" 200 6286
INFO:hotel_app.views:Guest creation initiated in list mode by user: admin
INFO:hotel_app.views:Displaying empty guest registration form
[22/Feb/2025 19:12:31] "GET /guest/create/?mode=list HTTP/1.1" 200 6128
INFO:hotel_app.views:Guest creation initiated in list mode by user: admin
WARNING:hotel_app.forms:Guest form validation failed
INFO:hotel_app.forms:Form errors: <ul class="errorlist"><li>phone_number<ul class="errorlist"><li>Phone number must contain only digits</li></ul></li><li>postcode<ul class="errorlist"><li>Please enter a valid UK postcode (e.g., &#x27;SW1A 1AA&#x27; or &#x27;M1 1AA&#x27;)</li></ul></li></ul>
WARNING:hotel_app.views:Guest creation form validation failed
INFO:hotel_app.views:Form errors: <ul class="errorlist"><li>phone_number<ul class="errorlist"><li>Phone number must contain only digits</li></ul></li><li>postcode<ul class="errorlist"><li>Please enter a valid UK postcode (e.g., &#x27;SW1A 1AA&#x27; or &#x27;M1 1AA&#x27;)</li></ul></li><li>first_name<ul class="errorlist"><li>First name can only contain letters, hyphens, apostrophes and spaces</li></ul></li><li>last_name<ul class="errorlist"><li>Last name can only contain letters, hyphens, apostrophes and spaces</li></ul></li><li>email<ul class="errorlist"><li>Enter a valid email address.</li><li>Please enter a valid email address</li></ul></li><li>address_line1<ul class="errorlist"><li>Address can only contain letters, numbers, hyphens, apostrophes, commas, periods and spaces</li></ul></li><li>city<ul class="errorlist"><li>City can only contain letters, hyphens, apostrophes and spaces</li></ul></li><li>county<ul class="errorlist"><li>County can only contain letters, hyphens, apostrophes and spaces</li></ul></li></ul>
[22/Feb/2025 19:13:03] "POST /guest/create/?mode=list HTTP/1.1" 200 7893
INFO:hotel_app.views:Guest creation initiated in list mode by user: admin
INFO:hotel_app.views:Displaying empty guest registration form
[22/Feb/2025 19:13:43] "GET /guest/create/?mode=list HTTP/1.1" 200 6128
[22/Feb/2025 19:13:51] "GET / HTTP/1.1" 200 3454
INFO:hotel_app.views:Reservation list view accessed by user: admin
INFO:hotel_app.views:Filter parameters: <QueryDict: {}>
INFO:hotel_app.filters:Filtering reservations starting before 2025-02-22 but still occupying a room.
INFO:hotel_app.filters:Filtered available rooms count: 5
INFO:hotel_app.filters:Filtered reservations count: 5
INFO:hotel_app.models:Guest display_name property called: Miss J. Brown
INFO:hotel_app.models:Room __str__ called: 14
INFO:hotel_app.models:Guest display_name property called: Mr P. White
INFO:hotel_app.models:Room __str__ called: 25
INFO:hotel_app.models:Guest display_name property called: Mr J. Pink
INFO:hotel_app.models:Room __str__ called: 45
INFO:hotel_app.models:Guest display_name property called: Mr J. Pink
INFO:hotel_app.models:Room __str__ called: 25
INFO:hotel_app.models:Guest display_name property called: Miss J. Brown
INFO:hotel_app.models:Room __str__ called: 14
[22/Feb/2025 19:13:58] "GET /reservation/ HTTP/1.1" 200 9358
INFO:hotel_app.views:Reservation list view accessed by user: admin
INFO:hotel_app.views:Filter parameters: <QueryDict: {'start_date': ['2025-02-22'], 'end_date': ['2025-03-08'], 'last_name': [',,'], 'room_number': ['']}>
INFO:hotel_app.filters:Filtering reservations starting before 2025-02-22 but still occupying a room.
INFO:hotel_app.filters:Filtered available rooms count: 5
INFO:hotel_app.filters:Filtered reservations count: 5
[22/Feb/2025 19:14:07] "GET /reservation/?start_date=2025-02-22&end_date=2025-03-08&last_name=%2C%2C&room_number= HTTP/1.1" 200 5647
INFO:hotel_app.views:Reservation list view accessed by user: admin
INFO:hotel_app.views:Filter parameters: <QueryDict: {'start_date': ['2025-02-22'], 'end_date': ['2025-03-08'], 'last_name': [',,'], 'room_number': [',,']}>
INFO:hotel_app.filters:Filtering reservations starting before 2025-02-22 but still occupying a room.
INFO:hotel_app.filters:Filtered available rooms count: 5
INFO:hotel_app.filters:Filtered reservations count: 5
INFO:hotel_app.models:Reservation __str__ called: Reservation 5 - IN
INFO:hotel_app.models:Reservation __str__ called: Reservation 10 - IN
INFO:hotel_app.models:Reservation __str__ called: Reservation 11 - RE
INFO:hotel_app.models:Reservation __str__ called: Reservation 15 - RE
INFO:hotel_app.models:Reservation __str__ called: Reservation 16 - RE
INFO:hotel_app.models:Reservation __str__ called: Reservation 5 - IN
INFO:hotel_app.models:Reservation __str__ called: Reservation 10 - IN
INFO:hotel_app.models:Reservation __str__ called: Reservation 11 - RE
INFO:hotel_app.models:Reservation __str__ called: Reservation 15 - RE
INFO:hotel_app.models:Reservation __str__ called: Reservation 16 - RE
Internal Server Error: /reservation/
Traceback (most recent call last):
  File "C:\Users\aidan_1k98io6\.virtualenvs\hotel_project2-YmGfoupx\Lib\site-packages\django\template\base.py", line 883, in _resolve_lookup
    current = current[bit]
              ~~~~~~~^^^^^
TypeError: 'ReservationFilter' object is not subscriptable

During handling of the above exception, another exception occurred:

Traceback (most recent call last):
  File "C:\Users\aidan_1k98io6\.virtualenvs\hotel_project2-YmGfoupx\Lib\site-packages\django\db\models\fields\__init__.py", line 2123, in get_prep_value
    return int(value)
           ^^^^^^^^^^
ValueError: invalid literal for int() with base 10: ',,'

The above exception was the direct cause of the following exception:

Traceback (most recent call last):
  File "C:\Users\aidan_1k98io6\.virtualenvs\hotel_project2-YmGfoupx\Lib\site-packages\django\core\handlers\exception.py", line 55, in inner
    response = get_response(request)
               ^^^^^^^^^^^^^^^^^^^^^
  File "C:\Users\aidan_1k98io6\.virtualenvs\hotel_project2-YmGfoupx\Lib\site-packages\django\core\handlers\base.py", line 197, in _get_response
    response = wrapped_callback(request, *callback_args, **callback_kwargs)
               ^^^^^^^^^^^^^^^^^^^^^^^^^^^^^^^^^^^^^^^^^^^^^^^^^^^^^^^^^^^^
  File "C:\Users\aidan_1k98io6\.virtualenvs\hotel_project2-YmGfoupx\Lib\site-packages\django\contrib\auth\decorators.py", line 60, in _view_wrapper
    return view_func(request, *args, **kwargs)
           ^^^^^^^^^^^^^^^^^^^^^^^^^^^^^^^^^^^
  File "C:\Users\aidan_1k98io6\OneDrive\Documents\Assignment\Software Engineering\hotel_project2\hotel_project\hotel_app\views.py", line 642, in reservation_list_view
    return render(request, 'reservation_list.html',
           ^^^^^^^^^^^^^^^^^^^^^^^^^^^^^^^^^^^^^^^^
  File "C:\Users\aidan_1k98io6\.virtualenvs\hotel_project2-YmGfoupx\Lib\site-packages\django\shortcuts.py", line 25, in render
    content = loader.render_to_string(template_name, context, request, using=using)
              ^^^^^^^^^^^^^^^^^^^^^^^^^^^^^^^^^^^^^^^^^^^^^^^^^^^^^^^^^^^^^^^^^^^^^
  File "C:\Users\aidan_1k98io6\.virtualenvs\hotel_project2-YmGfoupx\Lib\site-packages\django\template\loader.py", line 62, in render_to_string
    return template.render(context, request)
           ^^^^^^^^^^^^^^^^^^^^^^^^^^^^^^^^^
  File "C:\Users\aidan_1k98io6\.virtualenvs\hotel_project2-YmGfoupx\Lib\site-packages\django\template\backends\django.py", line 107, in render
    return self.template.render(context)
           ^^^^^^^^^^^^^^^^^^^^^^^^^^^^^
  File "C:\Users\aidan_1k98io6\.virtualenvs\hotel_project2-YmGfoupx\Lib\site-packages\django\template\base.py", line 171, in render
    return self._render(context)
           ^^^^^^^^^^^^^^^^^^^^^
  File "C:\Users\aidan_1k98io6\.virtualenvs\hotel_project2-YmGfoupx\Lib\site-packages\django\template\base.py", line 163, in _render
    return self.nodelist.render(context)
           ^^^^^^^^^^^^^^^^^^^^^^^^^^^^^
  File "C:\Users\aidan_1k98io6\.virtualenvs\hotel_project2-YmGfoupx\Lib\site-packages\django\template\base.py", line 1008, in render
    return SafeString("".join([node.render_annotated(context) for node in self]))
                               ^^^^^^^^^^^^^^^^^^^^^^^^^^^^^^
  File "C:\Users\aidan_1k98io6\.virtualenvs\hotel_project2-YmGfoupx\Lib\site-packages\django\template\base.py", line 969, in render_annotated
    return self.render(context)
           ^^^^^^^^^^^^^^^^^^^^
  File "C:\Users\aidan_1k98io6\.virtualenvs\hotel_project2-YmGfoupx\Lib\site-packages\django\template\loader_tags.py", line 159, in render
    return compiled_parent._render(context)
           ^^^^^^^^^^^^^^^^^^^^^^^^^^^^^^^^
  File "C:\Users\aidan_1k98io6\.virtualenvs\hotel_project2-YmGfoupx\Lib\site-packages\django\template\base.py", line 163, in _render
    return self.nodelist.render(context)
           ^^^^^^^^^^^^^^^^^^^^^^^^^^^^^
  File "C:\Users\aidan_1k98io6\.virtualenvs\hotel_project2-YmGfoupx\Lib\site-packages\django\template\base.py", line 1008, in render
    return SafeString("".join([node.render_annotated(context) for node in self]))
                               ^^^^^^^^^^^^^^^^^^^^^^^^^^^^^^
  File "C:\Users\aidan_1k98io6\.virtualenvs\hotel_project2-YmGfoupx\Lib\site-packages\django\template\base.py", line 969, in render_annotated
    return self.render(context)
           ^^^^^^^^^^^^^^^^^^^^
  File "C:\Users\aidan_1k98io6\.virtualenvs\hotel_project2-YmGfoupx\Lib\site-packages\django\template\loader_tags.py", line 65, in render
    result = block.nodelist.render(context)
             ^^^^^^^^^^^^^^^^^^^^^^^^^^^^^^
  File "C:\Users\aidan_1k98io6\.virtualenvs\hotel_project2-YmGfoupx\Lib\site-packages\django\template\base.py", line 1008, in render
    return SafeString("".join([node.render_annotated(context) for node in self]))
                               ^^^^^^^^^^^^^^^^^^^^^^^^^^^^^^
  File "C:\Users\aidan_1k98io6\.virtualenvs\hotel_project2-YmGfoupx\Lib\site-packages\django\template\base.py", line 969, in render_annotated
    return self.render(context)
           ^^^^^^^^^^^^^^^^^^^^
  File "C:\Users\aidan_1k98io6\.virtualenvs\hotel_project2-YmGfoupx\Lib\site-packages\django\template\defaulttags.py", line 194, in render
    values = self.sequence.resolve(context, ignore_failures=True)
             ^^^^^^^^^^^^^^^^^^^^^^^^^^^^^^^^^^^^^^^^^^^^^^^^^^^^
  File "C:\Users\aidan_1k98io6\.virtualenvs\hotel_project2-YmGfoupx\Lib\site-packages\django\template\base.py", line 718, in resolve
    obj = self.var.resolve(context)
          ^^^^^^^^^^^^^^^^^^^^^^^^^
  File "C:\Users\aidan_1k98io6\.virtualenvs\hotel_project2-YmGfoupx\Lib\site-packages\django\template\base.py", line 850, in resolve
    value = self._resolve_lookup(context)
            ^^^^^^^^^^^^^^^^^^^^^^^^^^^^^
  File "C:\Users\aidan_1k98io6\.virtualenvs\hotel_project2-YmGfoupx\Lib\site-packages\django\template\base.py", line 893, in _resolve_lookup
    current = getattr(current, bit)
              ^^^^^^^^^^^^^^^^^^^^^
  File "C:\Users\aidan_1k98io6\.virtualenvs\hotel_project2-YmGfoupx\Lib\site-packages\django_filters\filterset.py", line 250, in qs
    qs = self.filter_queryset(qs)
         ^^^^^^^^^^^^^^^^^^^^^^^^
  File "C:\Users\aidan_1k98io6\.virtualenvs\hotel_project2-YmGfoupx\Lib\site-packages\django_filters\filterset.py", line 233, in filter_queryset
    queryset = self.filters[name].filter(queryset, value)
               ^^^^^^^^^^^^^^^^^^^^^^^^^^^^^^^^^^^^^^^^^^
  File "C:\Users\aidan_1k98io6\.virtualenvs\hotel_project2-YmGfoupx\Lib\site-packages\django_filters\filters.py", line 167, in filter
    qs = self.get_method(qs)(**{lookup: value})
         ^^^^^^^^^^^^^^^^^^^^^^^^^^^^^^^^^^^^^^
  File "C:\Users\aidan_1k98io6\.virtualenvs\hotel_project2-YmGfoupx\Lib\site-packages\django\db\models\query.py", line 1476, in filter
    return self._filter_or_exclude(False, args, kwargs)
           ^^^^^^^^^^^^^^^^^^^^^^^^^^^^^^^^^^^^^^^^^^^^
  File "C:\Users\aidan_1k98io6\.virtualenvs\hotel_project2-YmGfoupx\Lib\site-packages\django\db\models\query.py", line 1494, in _filter_or_exclude
    clone._filter_or_exclude_inplace(negate, args, kwargs)
  File "C:\Users\aidan_1k98io6\.virtualenvs\hotel_project2-YmGfoupx\Lib\site-packages\django\db\models\query.py", line 1501, in _filter_or_exclude_inplace
    self._query.add_q(Q(*args, **kwargs))
  File "C:\Users\aidan_1k98io6\.virtualenvs\hotel_project2-YmGfoupx\Lib\site-packages\django\db\models\sql\query.py", line 1609, in add_q
    clause, _ = self._add_q(q_object, self.used_aliases)
                ^^^^^^^^^^^^^^^^^^^^^^^^^^^^^^^^^^^^^^^^
  File "C:\Users\aidan_1k98io6\.virtualenvs\hotel_project2-YmGfoupx\Lib\site-packages\django\db\models\sql\query.py", line 1641, in _add_q
    child_clause, needed_inner = self.build_filter(
                                 ^^^^^^^^^^^^^^^^^^
  File "C:\Users\aidan_1k98io6\.virtualenvs\hotel_project2-YmGfoupx\Lib\site-packages\django\db\models\sql\query.py", line 1555, in build_filter
    condition = self.build_lookup(lookups, col, value)
                ^^^^^^^^^^^^^^^^^^^^^^^^^^^^^^^^^^^^^^
  File "C:\Users\aidan_1k98io6\.virtualenvs\hotel_project2-YmGfoupx\Lib\site-packages\django\db\models\sql\query.py", line 1385, in build_lookup
    lookup = lookup_class(lhs, rhs)
             ^^^^^^^^^^^^^^^^^^^^^^
  File "C:\Users\aidan_1k98io6\.virtualenvs\hotel_project2-YmGfoupx\Lib\site-packages\django\db\models\lookups.py", line 30, in __init__
    self.rhs = self.get_prep_lookup()
               ^^^^^^^^^^^^^^^^^^^^^^
  File "C:\Users\aidan_1k98io6\.virtualenvs\hotel_project2-YmGfoupx\Lib\site-packages\django\db\models\fields\related_lookups.py", line 156, in get_prep_lookup
    self.rhs = target_field.get_prep_value(self.rhs)
               ^^^^^^^^^^^^^^^^^^^^^^^^^^^^^^^^^^^^^
  File "C:\Users\aidan_1k98io6\.virtualenvs\hotel_project2-YmGfoupx\Lib\site-packages\django\db\models\fields\__init__.py", line 2125, in get_prep_value
    raise e.__class__(
ValueError: Field 'room_number' expected a number but got ',,'.
ERROR:django.request:Internal Server Error: /reservation/
Traceback (most recent call last):
  File "C:\Users\aidan_1k98io6\.virtualenvs\hotel_project2-YmGfoupx\Lib\site-packages\django\template\base.py", line 883, in _resolve_lookup
    current = current[bit]
              ~~~~~~~^^^^^
TypeError: 'ReservationFilter' object is not subscriptable

During handling of the above exception, another exception occurred:

Traceback (most recent call last):
  File "C:\Users\aidan_1k98io6\.virtualenvs\hotel_project2-YmGfoupx\Lib\site-packages\django\db\models\fields\__init__.py", line 2123, in get_prep_value
    return int(value)
           ^^^^^^^^^^
ValueError: invalid literal for int() with base 10: ',,'

The above exception was the direct cause of the following exception:

Traceback (most recent call last):
  File "C:\Users\aidan_1k98io6\.virtualenvs\hotel_project2-YmGfoupx\Lib\site-packages\django\core\handlers\exception.py", line 55, in inner
    response = get_response(request)
               ^^^^^^^^^^^^^^^^^^^^^
  File "C:\Users\aidan_1k98io6\.virtualenvs\hotel_project2-YmGfoupx\Lib\site-packages\django\core\handlers\base.py", line 197, in _get_response
    response = wrapped_callback(request, *callback_args, **callback_kwargs)
               ^^^^^^^^^^^^^^^^^^^^^^^^^^^^^^^^^^^^^^^^^^^^^^^^^^^^^^^^^^^^
  File "C:\Users\aidan_1k98io6\.virtualenvs\hotel_project2-YmGfoupx\Lib\site-packages\django\contrib\auth\decorators.py", line 60, in _view_wrapper
    return view_func(request, *args, **kwargs)
           ^^^^^^^^^^^^^^^^^^^^^^^^^^^^^^^^^^^
  File "C:\Users\aidan_1k98io6\OneDrive\Documents\Assignment\Software Engineering\hotel_project2\hotel_project\hotel_app\views.py", line 642, in reservation_list_view
    return render(request, 'reservation_list.html',
           ^^^^^^^^^^^^^^^^^^^^^^^^^^^^^^^^^^^^^^^^
  File "C:\Users\aidan_1k98io6\.virtualenvs\hotel_project2-YmGfoupx\Lib\site-packages\django\shortcuts.py", line 25, in render
    content = loader.render_to_string(template_name, context, request, using=using)
              ^^^^^^^^^^^^^^^^^^^^^^^^^^^^^^^^^^^^^^^^^^^^^^^^^^^^^^^^^^^^^^^^^^^^^
  File "C:\Users\aidan_1k98io6\.virtualenvs\hotel_project2-YmGfoupx\Lib\site-packages\django\template\loader.py", line 62, in render_to_string
    return template.render(context, request)
           ^^^^^^^^^^^^^^^^^^^^^^^^^^^^^^^^^
  File "C:\Users\aidan_1k98io6\.virtualenvs\hotel_project2-YmGfoupx\Lib\site-packages\django\template\backends\django.py", line 107, in render
    return self.template.render(context)
           ^^^^^^^^^^^^^^^^^^^^^^^^^^^^^
  File "C:\Users\aidan_1k98io6\.virtualenvs\hotel_project2-YmGfoupx\Lib\site-packages\django\template\base.py", line 171, in render
    return self._render(context)
           ^^^^^^^^^^^^^^^^^^^^^
  File "C:\Users\aidan_1k98io6\.virtualenvs\hotel_project2-YmGfoupx\Lib\site-packages\django\template\base.py", line 163, in _render
    return self.nodelist.render(context)
           ^^^^^^^^^^^^^^^^^^^^^^^^^^^^^
  File "C:\Users\aidan_1k98io6\.virtualenvs\hotel_project2-YmGfoupx\Lib\site-packages\django\template\base.py", line 1008, in render
    return SafeString("".join([node.render_annotated(context) for node in self]))
                               ^^^^^^^^^^^^^^^^^^^^^^^^^^^^^^
  File "C:\Users\aidan_1k98io6\.virtualenvs\hotel_project2-YmGfoupx\Lib\site-packages\django\template\base.py", line 969, in render_annotated
    return self.render(context)
           ^^^^^^^^^^^^^^^^^^^^
  File "C:\Users\aidan_1k98io6\.virtualenvs\hotel_project2-YmGfoupx\Lib\site-packages\django\template\loader_tags.py", line 159, in render
    return compiled_parent._render(context)
           ^^^^^^^^^^^^^^^^^^^^^^^^^^^^^^^^
  File "C:\Users\aidan_1k98io6\.virtualenvs\hotel_project2-YmGfoupx\Lib\site-packages\django\template\base.py", line 163, in _render
    return self.nodelist.render(context)
           ^^^^^^^^^^^^^^^^^^^^^^^^^^^^^
  File "C:\Users\aidan_1k98io6\.virtualenvs\hotel_project2-YmGfoupx\Lib\site-packages\django\template\base.py", line 1008, in render
    return SafeString("".join([node.render_annotated(context) for node in self]))
                               ^^^^^^^^^^^^^^^^^^^^^^^^^^^^^^
  File "C:\Users\aidan_1k98io6\.virtualenvs\hotel_project2-YmGfoupx\Lib\site-packages\django\template\base.py", line 969, in render_annotated
    return self.render(context)
           ^^^^^^^^^^^^^^^^^^^^
  File "C:\Users\aidan_1k98io6\.virtualenvs\hotel_project2-YmGfoupx\Lib\site-packages\django\template\loader_tags.py", line 65, in render
    result = block.nodelist.render(context)
             ^^^^^^^^^^^^^^^^^^^^^^^^^^^^^^
  File "C:\Users\aidan_1k98io6\.virtualenvs\hotel_project2-YmGfoupx\Lib\site-packages\django\template\base.py", line 1008, in render
    return SafeString("".join([node.render_annotated(context) for node in self]))
                               ^^^^^^^^^^^^^^^^^^^^^^^^^^^^^^
  File "C:\Users\aidan_1k98io6\.virtualenvs\hotel_project2-YmGfoupx\Lib\site-packages\django\template\base.py", line 969, in render_annotated
    return self.render(context)
           ^^^^^^^^^^^^^^^^^^^^
  File "C:\Users\aidan_1k98io6\.virtualenvs\hotel_project2-YmGfoupx\Lib\site-packages\django\template\defaulttags.py", line 194, in render
    values = self.sequence.resolve(context, ignore_failures=True)
             ^^^^^^^^^^^^^^^^^^^^^^^^^^^^^^^^^^^^^^^^^^^^^^^^^^^^
  File "C:\Users\aidan_1k98io6\.virtualenvs\hotel_project2-YmGfoupx\Lib\site-packages\django\template\base.py", line 718, in resolve
    obj = self.var.resolve(context)
          ^^^^^^^^^^^^^^^^^^^^^^^^^
  File "C:\Users\aidan_1k98io6\.virtualenvs\hotel_project2-YmGfoupx\Lib\site-packages\django\template\base.py", line 850, in resolve
    value = self._resolve_lookup(context)
            ^^^^^^^^^^^^^^^^^^^^^^^^^^^^^
  File "C:\Users\aidan_1k98io6\.virtualenvs\hotel_project2-YmGfoupx\Lib\site-packages\django\template\base.py", line 893, in _resolve_lookup
    current = getattr(current, bit)
              ^^^^^^^^^^^^^^^^^^^^^
  File "C:\Users\aidan_1k98io6\.virtualenvs\hotel_project2-YmGfoupx\Lib\site-packages\django_filters\filterset.py", line 250, in qs
    qs = self.filter_queryset(qs)
         ^^^^^^^^^^^^^^^^^^^^^^^^
  File "C:\Users\aidan_1k98io6\.virtualenvs\hotel_project2-YmGfoupx\Lib\site-packages\django_filters\filterset.py", line 233, in filter_queryset
    queryset = self.filters[name].filter(queryset, value)
               ^^^^^^^^^^^^^^^^^^^^^^^^^^^^^^^^^^^^^^^^^^
  File "C:\Users\aidan_1k98io6\.virtualenvs\hotel_project2-YmGfoupx\Lib\site-packages\django_filters\filters.py", line 167, in filter
    qs = self.get_method(qs)(**{lookup: value})
         ^^^^^^^^^^^^^^^^^^^^^^^^^^^^^^^^^^^^^^
  File "C:\Users\aidan_1k98io6\.virtualenvs\hotel_project2-YmGfoupx\Lib\site-packages\django\db\models\query.py", line 1476, in filter
    return self._filter_or_exclude(False, args, kwargs)
           ^^^^^^^^^^^^^^^^^^^^^^^^^^^^^^^^^^^^^^^^^^^^
  File "C:\Users\aidan_1k98io6\.virtualenvs\hotel_project2-YmGfoupx\Lib\site-packages\django\db\models\query.py", line 1494, in _filter_or_exclude
    clone._filter_or_exclude_inplace(negate, args, kwargs)
  File "C:\Users\aidan_1k98io6\.virtualenvs\hotel_project2-YmGfoupx\Lib\site-packages\django\db\models\query.py", line 1501, in _filter_or_exclude_inplace
    self._query.add_q(Q(*args, **kwargs))
  File "C:\Users\aidan_1k98io6\.virtualenvs\hotel_project2-YmGfoupx\Lib\site-packages\django\db\models\sql\query.py", line 1609, in add_q
    clause, _ = self._add_q(q_object, self.used_aliases)
                ^^^^^^^^^^^^^^^^^^^^^^^^^^^^^^^^^^^^^^^^
  File "C:\Users\aidan_1k98io6\.virtualenvs\hotel_project2-YmGfoupx\Lib\site-packages\django\db\models\sql\query.py", line 1641, in _add_q
    child_clause, needed_inner = self.build_filter(
                                 ^^^^^^^^^^^^^^^^^^
  File "C:\Users\aidan_1k98io6\.virtualenvs\hotel_project2-YmGfoupx\Lib\site-packages\django\db\models\sql\query.py", line 1555, in build_filter
    condition = self.build_lookup(lookups, col, value)
                ^^^^^^^^^^^^^^^^^^^^^^^^^^^^^^^^^^^^^^
  File "C:\Users\aidan_1k98io6\.virtualenvs\hotel_project2-YmGfoupx\Lib\site-packages\django\db\models\sql\query.py", line 1385, in build_lookup
    lookup = lookup_class(lhs, rhs)
             ^^^^^^^^^^^^^^^^^^^^^^
  File "C:\Users\aidan_1k98io6\.virtualenvs\hotel_project2-YmGfoupx\Lib\site-packages\django\db\models\lookups.py", line 30, in __init__
    self.rhs = self.get_prep_lookup()
               ^^^^^^^^^^^^^^^^^^^^^^
  File "C:\Users\aidan_1k98io6\.virtualenvs\hotel_project2-YmGfoupx\Lib\site-packages\django\db\models\fields\related_lookups.py", line 156, in get_prep_lookup
    self.rhs = target_field.get_prep_value(self.rhs)
               ^^^^^^^^^^^^^^^^^^^^^^^^^^^^^^^^^^^^^
  File "C:\Users\aidan_1k98io6\.virtualenvs\hotel_project2-YmGfoupx\Lib\site-packages\django\db\models\fields\__init__.py", line 2125, in get_prep_value
    raise e.__class__(
ValueError: Field 'room_number' expected a number but got ',,'.
[22/Feb/2025 19:14:17] "GET /reservation/?start_date=2025-02-22&end_date=2025-03-08&last_name=%2C%2C&room_number=%2C%2C HTTP/1.1" 500 241148
